#------------------------------------------------------------------------------
# System data.
#

$ uname -mprsv
Linux 2.6.32-131.0.15.el6.x86_64 #1 SMP Tue May 10 15:42:40 EDT 2011 x86_64 x86_64

OS Name: Linux
OS Version: Red Hat Enterprise Linux Server release 6.1 (Santiago)

### Test run info.
shells: /bin/sh ash /bin/bash /bin/dash /bin/ksh /bin/pdksh /bin/zsh
tests: shunit2_asserts_test.sh shunit2_failures_test.sh shunit2_macros_test.sh shunit2_misc_test.sh shunit2_standalone_test.sh


#------------------------------------------------------------------------------
# Running the test suite with /bin/sh.
#
shell name: sh
shell version: 4.1.2(1)-release

--- Executing the 'shunit2_asserts' test suite. ---
testAssertEquals
testAssertNotEquals
testAssertSame
testAssertNotSame
testAssertNull
testAssertNotNull
testAssertTrue
testAssertFalse

Ran 8 tests.

OK

--- Executing the 'shunit2_failures' test suite. ---
testFail
testFailNotEquals
testFailSame

Ran 3 tests.

OK

--- Executing the 'shunit2_macros' test suite. ---
testAssertEquals
shunit2:ERROR testAssertEquals() returned non-zero return code.
testAssertNotEquals
shunit2:ERROR testAssertNotEquals() returned non-zero return code.
testSame
shunit2:ERROR testSame() returned non-zero return code.
testNotSame
shunit2:ERROR testNotSame() returned non-zero return code.
testNull
shunit2:ERROR testNull() returned non-zero return code.
testNotNull
shunit2:ERROR testNotNull() returned non-zero return code.
testAssertTrue
shunit2:ERROR testAssertTrue() returned non-zero return code.
testAssertFalse
shunit2:ERROR testAssertFalse() returned non-zero return code.
testFail
shunit2:ERROR testFail() returned non-zero return code.
testFailNotEquals
shunit2:ERROR testFailNotEquals() returned non-zero return code.
testFailSame
shunit2:ERROR testFailSame() returned non-zero return code.
testFailNotSame
shunit2:ERROR testFailNotSame() returned non-zero return code.

Ran 12 tests.

FAILED (failures=12)

--- Executing the 'shunit2_misc' test suite. ---
testUnboundVariable
testIssue7
testIssue29
testIssue69
testIssue77
testIssue84
testPrepForSourcing
testEscapeCharInStr
testEscapeCharInStr_specialChars
testExtractTestFunctions
testProtectedCommands

Ran 11 tests.

OK

--- Executing the 'shunit2_standalone' test suite. ---


#------------------------------------------------------------------------------
# Running the test suite with ash.
#
shell name: ash
shell version: not installed

--- Executing the 'shunit2_asserts' test suite. ---
testAssertEquals
testAssertNotEquals
testAssertSame
testAssertNotSame
testAssertNull
testAssertNotNull
testAssertTrue
testAssertFalse

Ran 8 tests.

OK

--- Executing the 'shunit2_failures' test suite. ---
testFail
testFailNotEquals
testFailSame

Ran 3 tests.

OK

--- Executing the 'shunit2_macros' test suite. ---
testAssertEquals
testAssertNotEquals
testSame
testNotSame
testNull
testNotNull
testAssertTrue
testAssertFalse
testFail
testFailNotEquals
testFailSame
testFailNotSame

Ran 12 tests.
ash: skipped=24: bad number

OK

--- Executing the 'shunit2_misc' test suite. ---
testUnboundVariable
testIssue7
testIssue29
testIssue69
testIssue77
testIssue84
testPrepForSourcing
testEscapeCharInStr
testEscapeCharInStr_specialChars
testExtractTestFunctions
testProtectedCommands

Ran 11 tests.

OK

--- Executing the 'shunit2_standalone' test suite. ---


#------------------------------------------------------------------------------
# Running the test suite with /bin/bash.
#
shell name: bash
shell version: 4.1.2(1)-release

--- Executing the 'shunit2_asserts' test suite. ---
testAssertEquals
testAssertNotEquals
testAssertSame
testAssertNotSame
testAssertNull
testAssertNotNull
testAssertTrue
testAssertFalse

Ran 8 tests.

OK

--- Executing the 'shunit2_failures' test suite. ---
testFail
testFailNotEquals
testFailSame

Ran 3 tests.

OK

--- Executing the 'shunit2_macros' test suite. ---
testAssertEquals
shunit2:ERROR testAssertEquals() returned non-zero return code.
testAssertNotEquals
shunit2:ERROR testAssertNotEquals() returned non-zero return code.
testSame
shunit2:ERROR testSame() returned non-zero return code.
testNotSame
shunit2:ERROR testNotSame() returned non-zero return code.
testNull
shunit2:ERROR testNull() returned non-zero return code.
testNotNull
shunit2:ERROR testNotNull() returned non-zero return code.
testAssertTrue
shunit2:ERROR testAssertTrue() returned non-zero return code.
testAssertFalse
shunit2:ERROR testAssertFalse() returned non-zero return code.
testFail
shunit2:ERROR testFail() returned non-zero return code.
testFailNotEquals
shunit2:ERROR testFailNotEquals() returned non-zero return code.
testFailSame
shunit2:ERROR testFailSame() returned non-zero return code.
testFailNotSame
shunit2:ERROR testFailNotSame() returned non-zero return code.

Ran 12 tests.

FAILED (failures=12)

--- Executing the 'shunit2_misc' test suite. ---
testUnboundVariable
testIssue7
testIssue29
testIssue69
testIssue77
testIssue84
testPrepForSourcing
testEscapeCharInStr
testEscapeCharInStr_specialChars
testExtractTestFunctions
testProtectedCommands

Ran 11 tests.

OK

--- Executing the 'shunit2_standalone' test suite. ---


#------------------------------------------------------------------------------
# Running the test suite with /bin/dash.
#
shell name: dash
shell version: unknown

--- Executing the 'shunit2_asserts' test suite. ---
testAssertEquals
testAssertNotEquals
testAssertSame
testAssertNotSame
testAssertNull
testAssertNotNull
testAssertTrue
testAssertFalse

Ran 8 tests.

OK

--- Executing the 'shunit2_failures' test suite. ---
testFail
testFailNotEquals
testFailSame

Ran 3 tests.

OK

--- Executing the 'shunit2_macros' test suite. ---
testAssertEquals
testAssertNotEquals
testSame
testNotSame
testNull
testNotNull
testAssertTrue
testAssertFalse
testFail
testFailNotEquals
testFailSame
testFailNotSame

Ran 12 tests.
[: 1167: Illegal number: skipped=24

OK

--- Executing the 'shunit2_misc' test suite. ---
testUnboundVariable
testIssue7
testIssue29
testIssue69
testIssue77
testIssue84
testPrepForSourcing
testEscapeCharInStr
testEscapeCharInStr_specialChars
testExtractTestFunctions
testProtectedCommands

Ran 11 tests.

OK

--- Executing the 'shunit2_standalone' test suite. ---


#------------------------------------------------------------------------------
# Running the test suite with /bin/ksh.
#


#------------------------------------------------------------------------------
# Running the test suite with /bin/pdksh.
#


#------------------------------------------------------------------------------
# Running the test suite with /bin/zsh.
#
